<?xml version="1.0" encoding="UTF-8"?>
<!-- Generated by org.testng.reporters.JUnitReportReporter -->
<testsuite skipped="0" hostname="seshadri" name="com.appiumdemo.base.Setup" tests="1" failures="0" timestamp="30 Dec 2018 19:15:52 GMT" time="74.865" errors="0">
  <testcase name="applauch" time="74.865" classname="com.appiumdemo.base.Setup"/>
</testsuite> <!-- com.appiumdemo.base.Setup -->
