<?xml version="1.0" encoding="UTF-8"?>
<!-- Generated by org.testng.reporters.JUnitReportReporter -->
<testsuite skipped="0" hostname="seshadri" name="com.appiumdemo.base.Setup" tests="1" failures="0" timestamp="30 Dec 2018 15:53:46 GMT" time="84.312" errors="0">
  <testcase name="applauch" time="84.312" classname="com.appiumdemo.base.Setup"/>
</testsuite> <!-- com.appiumdemo.base.Setup -->
